<?xml version="1.0" encoding="UTF-8"?>
<!-- Generated by org.testng.reporters.JUnitReportReporter -->
<testsuite hostname="GeoBook_240" failures="0" tests="1" name="com.qa.fifa.SearchTest" time="14.553" errors="0" timestamp="2022-12-04T11:54:20 EST" skipped="0">
  <testcase classname="com.qa.fifa.SearchTest" name="validteSearch" time="14.553"/>
  <system-out/>
</testsuite> <!-- com.qa.fifa.SearchTest -->
